<?xml version="1.0" encoding="UTF-8"?>
<!-- Generated by org.testng.reporters.JUnitXMLReporter -->
<testsuite ignored="0" hostname="LAPTOP-V6VACEO9" failures="0" tests="13" name="Test" time="126.268" errors="0" timestamp="2021-11-19T13:55:57 IST">
  <testcase classname="com.mindtree.runner.BigSmall" name="homePageLanding" time="14.957"/>
  <testcase classname="com.mindtree.runner.BigSmall" name="signInTesting" time="14.151"/>
  <testcase classname="com.mindtree.runner.BigSmall" name="signInTesting" time="11.243"/>
  <testcase classname="com.mindtree.runner.BigSmall" name="signInTesting" time="8.2"/>
  <testcase classname="com.mindtree.runner.BigSmall" name="PersonalGift" time="6.03"/>
  <testcase classname="com.mindtree.runner.BigSmall" name="selectProductTesting" time="5.913"/>
  <testcase classname="com.mindtree.runner.BigSmall" name="ChristmasGiftTesting" time="17.336"/>
  <testcase classname="com.mindtree.runner.BigSmall" name="ShopByCategoryTesting" time="11.494"/>
  <testcase classname="com.mindtree.runner.BigSmall" name="AllOfItTesting" time="6.33"/>
  <testcase classname="com.mindtree.runner.BigSmall" name="WishListTesting" time="7.467"/>
  <testcase classname="com.mindtree.runner.BigSmall" name="AboutUSTesting" time="2.275"/>
  <testcase classname="com.mindtree.runner.BigSmall" name="GiftCardTesting" time="7.821"/>
  <testcase classname="com.mindtree.runner.BigSmall" name="ContactUsTesting" time="8.308"/>
</testsuite> <!-- Test -->
