<?xml version="1.0" encoding="UTF-8"?>
<testng-results ignored="0" total="13" passed="13" failed="0" skipped="0">
  <reporter-output>
  </reporter-output>
  <suite started-at="2021-11-18T15:55:30 IST" name="Suite" finished-at="2021-11-18T15:57:30 IST" duration-ms="120194">
    <groups>
    </groups>
    <test started-at="2021-11-18T15:55:30 IST" name="Test" finished-at="2021-11-18T15:57:30 IST" duration-ms="120194">
      <class name="com.mindtree.runner.BigSmall">
        <test-method signature="homePageLanding()[pri:1, instance:com.mindtree.runner.BigSmall@5a45133e]" started-at="2021-11-18T15:55:30 IST" name="homePageLanding" finished-at="2021-11-18T15:55:39 IST" duration-ms="8720" status="PASS">
          <reporter-output>
          </reporter-output>
        </test-method> <!-- homePageLanding -->
        <test-method signature="signInTesting(java.lang.String, java.lang.String)[pri:2, instance:com.mindtree.runner.BigSmall@5a45133e]" started-at="2021-11-18T15:55:40 IST" name="signInTesting" data-provider="dataSuplier" finished-at="2021-11-18T15:55:50 IST" duration-ms="10532" status="PASS">
          <params>
            <param index="0">
              <value>
                <![CDATA[]]>
              </value>
            </param>
            <param index="1">
              <value>
                <![CDATA[]]>
              </value>
            </param>
          </params>
          <reporter-output>
          </reporter-output>
        </test-method> <!-- signInTesting -->
        <test-method signature="signInTesting(java.lang.String, java.lang.String)[pri:2, instance:com.mindtree.runner.BigSmall@5a45133e]" started-at="2021-11-18T15:55:51 IST" name="signInTesting" data-provider="dataSuplier" finished-at="2021-11-18T15:56:09 IST" duration-ms="17943" status="PASS">
          <params>
            <param index="0">
              <value>
                <![CDATA[Simon@123]]>
              </value>
            </param>
            <param index="1">
              <value>
                <![CDATA[abcd]]>
              </value>
            </param>
          </params>
          <reporter-output>
          </reporter-output>
        </test-method> <!-- signInTesting -->
        <test-method signature="signInTesting(java.lang.String, java.lang.String)[pri:2, instance:com.mindtree.runner.BigSmall@5a45133e]" started-at="2021-11-18T15:56:09 IST" name="signInTesting" data-provider="dataSuplier" finished-at="2021-11-18T15:56:18 IST" duration-ms="9270" status="PASS">
          <params>
            <param index="0">
              <value>
                <![CDATA[JackNJill@gamil.com]]>
              </value>
            </param>
            <param index="1">
              <value>
                <![CDATA[JacjNJill@123]]>
              </value>
            </param>
          </params>
          <reporter-output>
          </reporter-output>
        </test-method> <!-- signInTesting -->
        <test-method signature="PersonalGift()[pri:3, instance:com.mindtree.runner.BigSmall@5a45133e]" started-at="2021-11-18T15:56:18 IST" name="PersonalGift" finished-at="2021-11-18T15:56:24 IST" duration-ms="5881" status="PASS">
          <reporter-output>
          </reporter-output>
        </test-method> <!-- PersonalGift -->
        <test-method signature="selectProductTesting()[pri:4, instance:com.mindtree.runner.BigSmall@5a45133e]" started-at="2021-11-18T15:56:24 IST" name="selectProductTesting" finished-at="2021-11-18T15:56:31 IST" duration-ms="6178" status="PASS">
          <reporter-output>
          </reporter-output>
        </test-method> <!-- selectProductTesting -->
        <test-method signature="ChristmasGiftTesting()[pri:5, instance:com.mindtree.runner.BigSmall@5a45133e]" started-at="2021-11-18T15:56:31 IST" name="ChristmasGiftTesting" finished-at="2021-11-18T15:56:47 IST" duration-ms="16052" status="PASS">
          <reporter-output>
          </reporter-output>
        </test-method> <!-- ChristmasGiftTesting -->
        <test-method signature="ShopByCategoryTesting()[pri:6, instance:com.mindtree.runner.BigSmall@5a45133e]" started-at="2021-11-18T15:56:47 IST" name="ShopByCategoryTesting" finished-at="2021-11-18T15:56:56 IST" duration-ms="8684" status="PASS">
          <reporter-output>
          </reporter-output>
        </test-method> <!-- ShopByCategoryTesting -->
        <test-method signature="AllOfItTesting()[pri:7, instance:com.mindtree.runner.BigSmall@5a45133e]" started-at="2021-11-18T15:56:56 IST" name="AllOfItTesting" finished-at="2021-11-18T15:57:01 IST" duration-ms="5060" status="PASS">
          <reporter-output>
          </reporter-output>
        </test-method> <!-- AllOfItTesting -->
        <test-method signature="WishListTesting()[pri:8, instance:com.mindtree.runner.BigSmall@5a45133e]" started-at="2021-11-18T15:57:02 IST" name="WishListTesting" finished-at="2021-11-18T15:57:08 IST" duration-ms="6687" status="PASS">
          <reporter-output>
          </reporter-output>
        </test-method> <!-- WishListTesting -->
        <test-method signature="AboutUSTesting()[pri:9, instance:com.mindtree.runner.BigSmall@5a45133e]" started-at="2021-11-18T15:57:08 IST" name="AboutUSTesting" finished-at="2021-11-18T15:57:10 IST" duration-ms="1938" status="PASS">
          <reporter-output>
          </reporter-output>
        </test-method> <!-- AboutUSTesting -->
        <test-method signature="GiftCardTesting()[pri:10, instance:com.mindtree.runner.BigSmall@5a45133e]" started-at="2021-11-18T15:57:11 IST" name="GiftCardTesting" finished-at="2021-11-18T15:57:18 IST" duration-ms="7459" status="PASS">
          <reporter-output>
          </reporter-output>
        </test-method> <!-- GiftCardTesting -->
        <test-method signature="ContactUsTesting()[pri:11, instance:com.mindtree.runner.BigSmall@5a45133e]" started-at="2021-11-18T15:57:18 IST" name="ContactUsTesting" finished-at="2021-11-18T15:57:26 IST" duration-ms="7550" status="PASS">
          <reporter-output>
          </reporter-output>
        </test-method> <!-- ContactUsTesting -->
        <test-method is-config="true" signature="closeDriver()[pri:0, instance:com.mindtree.runner.BigSmall@5a45133e]" started-at="2021-11-18T15:57:26 IST" name="closeDriver" finished-at="2021-11-18T15:57:30 IST" duration-ms="4189" status="PASS">
          <reporter-output>
          </reporter-output>
        </test-method> <!-- closeDriver -->
      </class> <!-- com.mindtree.runner.BigSmall -->
    </test> <!-- Test -->
  </suite> <!-- Suite -->
</testng-results>
